VLAN0001
  Spanning tree enabled protocol ieee
  Root ID    Priority    4097
             Address     0c24.4646.0000
             Cost        4
             Port        2 (GigabitEthernet0/1)
             Hello Time   2 sec  Max Age 20 sec  Forward Delay 15 sec

  Bridge ID  Priority    8193   (priority 8192 sys-id-ext 1)
             Address     0c74.028a.0000
             Hello Time   2 sec  Max Age 20 sec  Forward Delay 15 sec
             Aging Time  300 sec

Interface           Role Sts Cost      Prio.Nbr Type
------------------- ---- --- --------- -------- --------------------------------
Gi0/0               Altn BLK 4         128.1    Shr
Gi0/1               Root FWD 4         128.2    Shr
Gi0/2               Desg FWD 4         128.3    Shr
Gi0/3               Desg FWD 4         128.4    Shr
Gi1/0               Desg FWD 4         128.5    Shr
Gi1/1               Desg FWD 4         128.6    Shr
Gi1/2               Desg FWD 4         128.7    Shr
Gi1/3               Desg FWD 4         128.8    Shr
